<?xml version="1.0" encoding="UTF-8"?>
<!-- Generated by org.testng.reporters.JUnitReportReporter -->
<testsuite skipped="0" hostname="Santosh" name="testCase.TestCase" tests="2" failures="0" timestamp="2022-11-21T12:08:51 IST" time="0.016" errors="0">
  <testcase name="TestCase2" time="0.000" classname="testCase.TestCase"/>
  <system-out/>
  <testcase name="TestCase1" time="0.016" classname="testCase.TestCase"/>
  <system-out/>
</testsuite> <!-- testCase.TestCase -->
