<?xml version="1.0" encoding="UTF-8"?>
<!-- Generated by org.testng.reporters.JUnitReportReporter -->
<testsuite skipped="0" hostname="Santosh" name="testCase.Tsr" tests="1" failures="0" timestamp="2022-11-22T11:51:09 IST" time="0.183" errors="0">
  <testcase name="hello" time="0.183" classname="testCase.Tsr"/>
  <system-out/>
</testsuite> <!-- testCase.Tsr -->
